\BOOKMARK [0][-]{chapter.1}{\376\377\000P\000r\000e\000s\000e\000n\000t\000a\000t\000i\000o\000n}{}% 1
\BOOKMARK [0][-]{chapter.2}{\376\377\000R\000e\000s\000e\000a\000r\000c\000h\000\040\000L\000i\000n\000e\000s}{}% 2
\BOOKMARK [0][-]{chapter.3}{\376\377\000G\000r\000o\000u\000p\000\040\000A\000w\000a\000r\000d\000s\000\040\000a\000n\000d\000\040\000A\000c\000k\000n\000o\000w\000l\000e\000d\000g\000e\000m\000e\000n\000t\000s}{}% 3
\BOOKMARK [0][-]{chapter.4}{\376\377\000C\000u\000r\000r\000e\000n\000t\000\040\000M\000e\000m\000b\000e\000r\000s}{}% 4
\BOOKMARK [0][-]{chapter.5}{\376\377\000S\000c\000i\000e\000n\000t\000i\000f\000i\000c\000\040\000P\000r\000o\000d\000u\000c\000t\000i\000o\000n}{}% 5
\BOOKMARK [1][-]{section.5.1}{\376\377\000A\000r\000t\000i\000c\000l\000e\000s\000\040\000p\000u\000b\000l\000i\000s\000h\000e\000d\000\040\000i\000n\000\040\000i\000n\000d\000e\000x\000e\000d\000\040\000j\000o\000u\000r\000n\000a\000l\000s}{chapter.5}% 6
\BOOKMARK [1][-]{section.5.2}{\376\377\000A\000r\000t\000i\000c\000l\000e\000s\000\040\000i\000n\000\040\000S\000c\000i\000e\000n\000t\000i\000f\000i\000c\000\040\000J\000o\000u\000r\000n\000a\000l\000s}{chapter.5}% 7
\BOOKMARK [1][-]{section.5.3}{\376\377\000B\000o\000o\000k\000s}{chapter.5}% 8
\BOOKMARK [1][-]{section.5.4}{\376\377\000B\000o\000o\000k\000\040\000C\000h\000a\000p\000t\000e\000r\000s}{chapter.5}% 9
\BOOKMARK [1][-]{section.5.5}{\376\377\000C\000o\000n\000f\000e\000r\000e\000n\000c\000e\000\040\000P\000r\000e\000s\000e\000n\000t\000a\000t\000i\000o\000n\000s}{chapter.5}% 10
\BOOKMARK [0][-]{chapter.6}{\376\377\000P\000r\000o\000j\000e\000c\000t\000s}{}% 11
\BOOKMARK [1][-]{section.6.1}{\376\377\000C\000u\000r\000r\000e\000n\000t\000\040\000c\000o\000m\000p\000e\000t\000i\000t\000i\000v\000e\000\040\000p\000r\000o\000j\000e\000c\000t\000s}{chapter.6}% 12
\BOOKMARK [1][-]{section.6.2}{\376\377\000F\000o\000r\000m\000e\000r\000\040\000c\000o\000m\000p\000e\000t\000i\000t\000i\000v\000e\000\040\000p\000r\000o\000j\000e\000c\000t\000s}{chapter.6}% 13
\BOOKMARK [1][-]{section.6.3}{\376\377\000C\000o\000m\000p\000e\000t\000i\000t\000i\000v\000e\000\040\000T\000r\000a\000n\000s\000f\000e\000r\000e\000n\000c\000e\000\040\000G\000r\000a\000n\000t\000s}{chapter.6}% 14
\BOOKMARK [1][-]{section.6.4}{\376\377\000N\000o\000n\000-\000c\000o\000m\000p\000e\000t\000i\000t\000i\000v\000e\000\040\000P\000r\000o\000j\000e\000c\000t\000s\000\040\000/\000\040\000A\000g\000r\000e\000e\000m\000e\000n\000t\000s}{chapter.6}% 15
\BOOKMARK [0][-]{chapter.7}{\376\377\000I\000n\000t\000e\000r\000n\000a\000t\000i\000o\000n\000a\000l\000i\000s\000a\000t\000i\000o\000n}{}% 16
\BOOKMARK [1][-]{section.7.1}{\376\377\000O\000r\000g\000a\000n\000i\000s\000a\000t\000i\000o\000n\000\040\000o\000f\000\040\000I\000n\000t\000e\000r\000n\000a\000t\000i\000o\000n\000a\000l\000\040\000C\000o\000n\000f\000e\000r\000e\000n\000c\000e\000s\000\040\000a\000n\000d\000\040\000W\000o\000r\000k\000s\000h\000o\000p\000s}{chapter.7}% 17
\BOOKMARK [1][-]{section.7.2}{\376\377\000P\000a\000r\000t\000i\000c\000i\000p\000a\000t\000i\000o\000n\000\040\000i\000n\000\040\000I\000n\000t\000e\000r\000n\000a\000t\000i\000o\000n\000a\000l\000\040\000N\000e\000t\000w\000o\000r\000k\000s}{chapter.7}% 18
\BOOKMARK [1][-]{section.7.3}{\376\377\000I\000n\000t\000e\000r\000n\000a\000t\000i\000o\000n\000a\000l\000\040\000s\000t\000a\000g\000e\000s}{chapter.7}% 19
\BOOKMARK [0][-]{chapter.8}{\376\377\000R\000e\000s\000e\000a\000r\000c\000h\000\040\000T\000r\000a\000i\000n\000i\000n\000g}{}% 20
\BOOKMARK [1][-]{section.8.1}{\376\377\000C\000o\000m\000p\000l\000e\000t\000e\000d\000\040\000d\000o\000c\000t\000o\000r\000a\000l\000\040\000t\000h\000e\000s\000e\000s}{chapter.8}% 21
\BOOKMARK [1][-]{section.8.2}{\376\377\000D\000o\000c\000t\000o\000r\000a\000l\000\040\000t\000h\000e\000s\000i\000s\000\040\000i\000n\000\040\000p\000r\000o\000g\000r\000e\000s\000s}{chapter.8}% 22
\BOOKMARK [1][-]{section.8.3}{\376\377\000F\000i\000n\000a\000l\000\040\000M\000a\000s\000t\000e\000r\000\040\000T\000h\000e\000s\000e\000s}{chapter.8}% 23
\BOOKMARK [1][-]{section.8.4}{\376\377\000P\000o\000s\000t\000-\000D\000o\000c\000t\000o\000r\000a\000l\000\040\000G\000r\000a\000n\000t\000s}{chapter.8}% 24
\BOOKMARK [1][-]{section.8.5}{\376\377\000P\000r\000e\000-\000D\000o\000c\000t\000o\000r\000a\000l\000\040\000G\000r\000a\000n\000t\000s}{chapter.8}% 25
\BOOKMARK [0][-]{chapter.9}{\376\377\000K\000n\000o\000w\000l\000e\000d\000g\000e\000\040\000T\000r\000a\000n\000s\000f\000e\000r}{}% 26
\BOOKMARK [1][-]{section.9.1}{\376\377\000A\000F\000I\000N\000\040\000f\000r\000e\000e\000\040\000m\000o\000n\000t\000h\000l\000y\000\040\000p\000u\000b\000l\000i\000c\000a\000t\000i\000o\000n}{chapter.9}% 27
\BOOKMARK [1][-]{section.9.2}{\376\377\000W\000o\000r\000k\000s\000h\000o\000p\000s}{chapter.9}% 28
\BOOKMARK [1][-]{section.9.3}{\376\377\000P\000o\000d\000c\000a\000s\000t\000s}{chapter.9}% 29
\BOOKMARK [1][-]{section.9.4}{\376\377\000T\000V\000\040\000P\000r\000e\000s\000e\000n\000t\000a\000t\000i\000o\000n\000s}{chapter.9}% 30
\BOOKMARK [1][-]{section.9.5}{\376\377\000M\000a\000g\000a\000n\000i\000z\000e\000\040\000A\000r\000t\000i\000c\000l\000e\000s}{chapter.9}% 31
\BOOKMARK [1][-]{section.9.6}{\376\377\000B\000l\000o\000g\000\040\000P\000o\000s\000t\000s}{chapter.9}% 32
