This is pdfTeX, Version 3.141592653-2.6-1.40.25 (TeX Live 2023 Gentoo Linux) (preloaded format=pdflatex 2024.8.18)  2 SEP 2024 21:42
entering extended mode
 restricted \write18 enabled.
 %&-line parsing enabled.
**HistorialAFIN.tex
(./HistorialAFIN.tex
LaTeX2e <2023-11-01> patch level 1
L3 programming layer <2024-01-22>
(/usr/share/texmf-dist/tex/latex/base/report.cls
Document Class: report 2023/05/17 v1.4n Standard LaTeX document class
(/usr/share/texmf-dist/tex/latex/base/size12.clo
File: size12.clo 2023/05/17 v1.4n Standard LaTeX file (size option)
)
\c@part=\count187
\c@chapter=\count188
\c@section=\count189
\c@subsection=\count190
\c@subsubsection=\count191
\c@paragraph=\count192
\c@subparagraph=\count193
\c@figure=\count194
\c@table=\count195
\abovecaptionskip=\skip48
\belowcaptionskip=\skip49
\bibindent=\dimen140
)
(/usr/share/texmf-dist/tex/latex/base/fontenc.sty
Package: fontenc 2021/04/29 v2.0v Standard LaTeX package
)
(/usr/share/texmf-dist/tex/latex/tools/multicol.sty
Package: multicol 2023/03/30 v1.9f multicolumn formatting (FMi)
\c@tracingmulticols=\count196
\mult@box=\box51
\multicol@leftmargin=\dimen141
\c@unbalance=\count197
\c@collectmore=\count198
\doublecol@number=\count199
\multicoltolerance=\count266
\multicolpretolerance=\count267
\full@width=\dimen142
\page@free=\dimen143
\premulticols=\dimen144
\postmulticols=\dimen145
\multicolsep=\skip50
\multicolbaselineskip=\skip51
\partial@page=\box52
\last@line=\box53
\mc@boxedresult=\box54
\maxbalancingoverflow=\dimen146
\mult@rightbox=\box55
\mult@grightbox=\box56
\mult@firstbox=\box57
\mult@gfirstbox=\box58
\@tempa=\box59
\@tempa=\box60
\@tempa=\box61
\@tempa=\box62
\@tempa=\box63
\@tempa=\box64
\@tempa=\box65
\@tempa=\box66
\@tempa=\box67
\@tempa=\box68
\@tempa=\box69
\@tempa=\box70
\@tempa=\box71
\@tempa=\box72
\@tempa=\box73
\@tempa=\box74
\@tempa=\box75
\@tempa=\box76
\@tempa=\box77
\@tempa=\box78
\@tempa=\box79
\@tempa=\box80
\@tempa=\box81
\@tempa=\box82
\@tempa=\box83
\@tempa=\box84
\@tempa=\box85
\@tempa=\box86
\@tempa=\box87
\@tempa=\box88
\@tempa=\box89
\@tempa=\box90
\@tempa=\box91
\@tempa=\box92
\@tempa=\box93
\@tempa=\box94
\c@minrows=\count268
\c@columnbadness=\count269
\c@finalcolumnbadness=\count270
\last@try=\dimen147
\multicolovershoot=\dimen148
\multicolundershoot=\dimen149
\mult@nat@firstbox=\box95
\colbreak@box=\box96
\mc@col@check@num=\count271
)
(/usr/share/texmf-dist/tex/latex/graphics/graphicx.sty
Package: graphicx 2021/09/16 v1.2d Enhanced LaTeX Graphics (DPC,SPQR)

(/usr/share/texmf-dist/tex/latex/graphics/keyval.sty
Package: keyval 2022/05/29 v1.15 key=value parser (DPC)
\KV@toks@=\toks17
)
(/usr/share/texmf-dist/tex/latex/graphics/graphics.sty
Package: graphics 2022/03/10 v1.4e Standard LaTeX Graphics (DPC,SPQR)

(/usr/share/texmf-dist/tex/latex/graphics/trig.sty
Package: trig 2021/08/11 v1.11 sin cos tan (DPC)
)
(/usr/share/texmf-dist/tex/latex/graphics-cfg/graphics.cfg
File: graphics.cfg 2016/06/04 v1.11 sample graphics configuration
)
Package graphics Info: Driver file: pdftex.def on input line 107.

(/usr/share/texmf-dist/tex/latex/graphics-def/pdftex.def
File: pdftex.def 2022/09/22 v1.2b Graphics/color driver for pdftex
))
\Gin@req@height=\dimen150
\Gin@req@width=\dimen151
)
(/usr/share/texmf-dist/tex/latex/url/url.sty
\Urlmuskip=\muskip16
Package: url 2013/09/16  ver 3.4  Verb mode for urls, etc.
)
(/usr/share/texmf-dist/tex/latex/hyperref/hyperref.sty
Package: hyperref 2024-01-20 v7.01h Hypertext links for LaTeX

(/usr/share/texmf-dist/tex/generic/iftex/iftex.sty
Package: iftex 2022/02/03 v1.0f TeX engine tests
)
(/usr/share/texmf-dist/tex/latex/kvsetkeys/kvsetkeys.sty
Package: kvsetkeys 2022-10-05 v1.19 Key value parser (HO)
)
(/usr/share/texmf-dist/tex/generic/kvdefinekeys/kvdefinekeys.sty
Package: kvdefinekeys 2019-12-19 v1.6 Define keys (HO)
)
(/usr/share/texmf-dist/tex/generic/pdfescape/pdfescape.sty
Package: pdfescape 2019/12/09 v1.15 Implements pdfTeX's escape features (HO)

(/usr/share/texmf-dist/tex/generic/ltxcmds/ltxcmds.sty
Package: ltxcmds 2023-12-04 v1.26 LaTeX kernel commands for general use (HO)
)
(/usr/share/texmf-dist/tex/generic/pdftexcmds/pdftexcmds.sty
Package: pdftexcmds 2020-06-27 v0.33 Utility functions of pdfTeX for LuaTeX (HO
)

(/usr/share/texmf-dist/tex/generic/infwarerr/infwarerr.sty
Package: infwarerr 2019/12/03 v1.5 Providing info/warning/error messages (HO)
)
Package pdftexcmds Info: \pdf@primitive is available.
Package pdftexcmds Info: \pdf@ifprimitive is available.
Package pdftexcmds Info: \pdfdraftmode found.
))
(/usr/share/texmf-dist/tex/latex/hycolor/hycolor.sty
Package: hycolor 2020-01-27 v1.10 Color options for hyperref/bookmark (HO)
)
(/usr/share/texmf-dist/tex/latex/auxhook/auxhook.sty
Package: auxhook 2019-12-17 v1.6 Hooks for auxiliary files (HO)
)
(/usr/share/texmf-dist/tex/latex/hyperref/nameref.sty
Package: nameref 2023-11-26 v2.56 Cross-referencing by name of section

(/usr/share/texmf-dist/tex/latex/refcount/refcount.sty
Package: refcount 2019/12/15 v3.6 Data extraction from label references (HO)
)
(/usr/share/texmf-dist/tex/generic/gettitlestring/gettitlestring.sty
Package: gettitlestring 2019/12/15 v1.6 Cleanup title references (HO)

(/usr/share/texmf-dist/tex/latex/kvoptions/kvoptions.sty
Package: kvoptions 2022-06-15 v3.15 Key value format for package options (HO)
))
\c@section@level=\count272
)
(/usr/share/texmf-dist/tex/latex/etoolbox/etoolbox.sty
Package: etoolbox 2020/10/05 v2.5k e-TeX tools for LaTeX (JAW)
\etb@tempcnta=\count273
)
\@linkdim=\dimen152
\Hy@linkcounter=\count274
\Hy@pagecounter=\count275

(/usr/share/texmf-dist/tex/latex/hyperref/pd1enc.def
File: pd1enc.def 2024-01-20 v7.01h Hyperref: PDFDocEncoding definition (HO)
Now handling font encoding PD1 ...
... no UTF-8 mapping file for font encoding PD1
)
(/usr/share/texmf-dist/tex/generic/intcalc/intcalc.sty
Package: intcalc 2019/12/15 v1.3 Expandable calculations with integers (HO)
)
\Hy@SavedSpaceFactor=\count276

(/usr/share/texmf-dist/tex/latex/hyperref/puenc.def
File: puenc.def 2024-01-20 v7.01h Hyperref: PDF Unicode definition (HO)
Now handling font encoding PU ...
... no UTF-8 mapping file for font encoding PU
)
Package hyperref Info: Option `colorlinks' set `true' on input line 4062.
Package hyperref Info: Hyper figures OFF on input line 4179.
Package hyperref Info: Link nesting OFF on input line 4184.
Package hyperref Info: Hyper index ON on input line 4187.
Package hyperref Info: Plain pages OFF on input line 4194.
Package hyperref Info: Backreferencing OFF on input line 4199.
Package hyperref Info: Implicit mode ON; LaTeX internals redefined.
Package hyperref Info: Bookmarks ON on input line 4446.
\c@Hy@tempcnt=\count277
LaTeX Info: Redefining \url on input line 4784.
\XeTeXLinkMargin=\dimen153

(/usr/share/texmf-dist/tex/generic/bitset/bitset.sty
Package: bitset 2019/12/09 v1.3 Handle bit-vector datatype (HO)

(/usr/share/texmf-dist/tex/generic/bigintcalc/bigintcalc.sty
Package: bigintcalc 2019/12/15 v1.5 Expandable calculations on big integers (HO
)
))
\Fld@menulength=\count278
\Field@Width=\dimen154
\Fld@charsize=\dimen155
Package hyperref Info: Hyper figures OFF on input line 6063.
Package hyperref Info: Link nesting OFF on input line 6068.
Package hyperref Info: Hyper index ON on input line 6071.
Package hyperref Info: backreferencing OFF on input line 6078.
Package hyperref Info: Link coloring ON on input line 6081.
Package hyperref Info: Link coloring with OCG OFF on input line 6088.
Package hyperref Info: PDF/A mode OFF on input line 6093.

(/usr/share/texmf-dist/tex/latex/base/atbegshi-ltx.sty
Package: atbegshi-ltx 2021/01/10 v1.0c Emulation of the original atbegshi
package with kernel methods
)
\Hy@abspage=\count279
\c@Item=\count280
\c@Hfootnote=\count281
)
Package hyperref Info: Driver (autodetected): hpdftex.

(/usr/share/texmf-dist/tex/latex/hyperref/hpdftex.def
File: hpdftex.def 2024-01-20 v7.01h Hyperref driver for pdfTeX

(/usr/share/texmf-dist/tex/latex/base/atveryend-ltx.sty
Package: atveryend-ltx 2020/08/19 v1.0a Emulation of the original atveryend pac
kage
with kernel methods
)
\Fld@listcount=\count282
\c@bookmark@seq@number=\count283

(/usr/share/texmf-dist/tex/latex/rerunfilecheck/rerunfilecheck.sty
Package: rerunfilecheck 2022-07-10 v1.10 Rerun checks for auxiliary files (HO)

(/usr/share/texmf-dist/tex/generic/uniquecounter/uniquecounter.sty
Package: uniquecounter 2019/12/15 v1.4 Provide unlimited unique counter (HO)
)
Package uniquecounter Info: New unique counter `rerunfilecheck' on input line 2
85.
)
\Hy@SectionHShift=\skip52
)
(/usr/share/texmf-dist/tex/latex/fancyhdr/fancyhdr.sty
Package: fancyhdr 2022/11/09 v4.1 Extensive control of page headers and footers

\f@nch@headwidth=\skip53
\f@nch@O@elh=\skip54
\f@nch@O@erh=\skip55
\f@nch@O@olh=\skip56
\f@nch@O@orh=\skip57
\f@nch@O@elf=\skip58
\f@nch@O@erf=\skip59
\f@nch@O@olf=\skip60
\f@nch@O@orf=\skip61
)
(/usr/share/texmf-dist/tex/latex/xcolor/xcolor.sty
Package: xcolor 2023/11/15 v3.01 LaTeX color extensions (UK)

(/usr/share/texmf-dist/tex/latex/graphics-cfg/color.cfg
File: color.cfg 2016/01/02 v1.6 sample color configuration
)
Package xcolor Info: Driver file: pdftex.def on input line 274.

(/usr/share/texmf-dist/tex/latex/graphics/mathcolor.ltx)
Package xcolor Info: Model `cmy' substituted by `cmy0' on input line 1350.
Package xcolor Info: Model `hsb' substituted by `rgb' on input line 1354.
Package xcolor Info: Model `RGB' extended on input line 1366.
Package xcolor Info: Model `HTML' substituted by `rgb' on input line 1368.
Package xcolor Info: Model `Hsb' substituted by `hsb' on input line 1369.
Package xcolor Info: Model `tHsb' substituted by `hsb' on input line 1370.
Package xcolor Info: Model `HSB' substituted by `hsb' on input line 1371.
Package xcolor Info: Model `Gray' substituted by `gray' on input line 1372.
Package xcolor Info: Model `wave' substituted by `hsb' on input line 1373.
)
(/usr/share/texmf-dist/tex/latex/geometry/geometry.sty
Package: geometry 2020/01/02 v5.9 Page Geometry

(/usr/share/texmf-dist/tex/generic/iftex/ifvtex.sty
Package: ifvtex 2019/10/25 v1.7 ifvtex legacy package. Use iftex instead.
)
\Gm@cnth=\count284
\Gm@cntv=\count285
\c@Gm@tempcnt=\count286
\Gm@bindingoffset=\dimen156
\Gm@wd@mp=\dimen157
\Gm@odd@mp=\dimen158
\Gm@even@mp=\dimen159
\Gm@layoutwidth=\dimen160
\Gm@layoutheight=\dimen161
\Gm@layouthoffset=\dimen162
\Gm@layoutvoffset=\dimen163
\Gm@dimlist=\toks18
)
(/usr/share/texmf-dist/tex/latex/sectsty/sectsty.sty
Package: sectsty 2002/02/25 v2.0.2 Commands to change all sectional heading sty
les


LaTeX Warning: Command \underbar  has changed.
               Check if current package is valid.


LaTeX Warning: Command \underline  has changed.
               Check if current package is valid.

) (/usr/share/texmf-dist/tex/latex/l3backend/l3backend-pdftex.def
File: l3backend-pdftex.def 2024-01-04 L3 backend support: PDF output (pdfTeX)
\l__color_backend_stack_int=\count287
\l__pdf_internal_box=\box97
)
(./HistorialAFIN.aux)
\openout1 = `HistorialAFIN.aux'.

LaTeX Font Info:    Checking defaults for OML/cmm/m/it on input line 38.
LaTeX Font Info:    ... okay on input line 38.
LaTeX Font Info:    Checking defaults for OMS/cmsy/m/n on input line 38.
LaTeX Font Info:    ... okay on input line 38.
LaTeX Font Info:    Checking defaults for OT1/cmr/m/n on input line 38.
LaTeX Font Info:    ... okay on input line 38.
LaTeX Font Info:    Checking defaults for T1/cmr/m/n on input line 38.
LaTeX Font Info:    ... okay on input line 38.
LaTeX Font Info:    Checking defaults for TS1/cmr/m/n on input line 38.
LaTeX Font Info:    ... okay on input line 38.
LaTeX Font Info:    Checking defaults for OMX/cmex/m/n on input line 38.
LaTeX Font Info:    ... okay on input line 38.
LaTeX Font Info:    Checking defaults for U/cmr/m/n on input line 38.
LaTeX Font Info:    ... okay on input line 38.
LaTeX Font Info:    Checking defaults for PD1/pdf/m/n on input line 38.
LaTeX Font Info:    ... okay on input line 38.
LaTeX Font Info:    Checking defaults for PU/pdf/m/n on input line 38.
LaTeX Font Info:    ... okay on input line 38.

(/usr/share/texmf-dist/tex/context/base/mkii/supp-pdf.mkii
[Loading MPS to PDF converter (version 2006.09.02).]
\scratchcounter=\count288
\scratchdimen=\dimen164
\scratchbox=\box98
\nofMPsegments=\count289
\nofMParguments=\count290
\everyMPshowfont=\toks19
\MPscratchCnt=\count291
\MPscratchDim=\dimen165
\MPnumerator=\count292
\makeMPintoPDFobject=\count293
\everyMPtoPDFconversion=\toks20
) (/usr/share/texmf-dist/tex/latex/epstopdf-pkg/epstopdf-base.sty
Package: epstopdf-base 2020-01-24 v2.11 Base part for package epstopdf
Package epstopdf-base Info: Redefining graphics rule for `.eps' on input line 4
85.

(/usr/share/texmf-dist/tex/latex/latexconfig/epstopdf-sys.cfg
File: epstopdf-sys.cfg 2010/07/13 v1.3 Configuration of (r)epstopdf for TeX Liv
e
))
Package hyperref Info: Link coloring ON on input line 38.

(./HistorialAFIN.out) (./HistorialAFIN.out)
\@outlinefile=\write3
\openout3 = `HistorialAFIN.out'.


*geometry* driver: auto-detecting
*geometry* detected driver: pdftex
*geometry* verbose mode - [ preamble ] result:
* driver: pdftex
* paper: a4paper
* layout: <same size as paper>
* layoutoffset:(h,v)=(0.0pt,0.0pt)
* modes: 
* h-part:(L,W,R)=(71.13188pt, 469.47049pt, 56.9055pt)
* v-part:(T,H,B)=(56.9055pt, 731.23584pt, 56.9055pt)
* \paperwidth=597.50787pt
* \paperheight=845.04684pt
* \textwidth=469.47049pt
* \textheight=731.23584pt
* \oddsidemargin=-1.1381pt
* \evensidemargin=-1.1381pt
* \topmargin=-55.81723pt
* \headheight=12.0pt
* \headsep=28.45274pt
* \topskip=12.0pt
* \footskip=30.0pt
* \marginparwidth=35.0pt
* \marginparsep=10.0pt
* \columnsep=10.0pt
* \skip\footins=10.8pt plus 4.0pt minus 2.0pt
* \hoffset=0.0pt
* \voffset=0.0pt
* \mag=1000
* \@twocolumnfalse
* \@twosidefalse
* \@mparswitchfalse
* \@reversemarginfalse
* (1in=72.27pt=25.4mm, 1cm=28.453pt)

<AFIN-Barcelona.png, id=132, 307.1475pt x 94.3525pt>
File: AFIN-Barcelona.png Graphic file (type png)
<use AFIN-Barcelona.png>
Package pdftex.def Info: AFIN-Barcelona.png  used on input line 53.
(pdftex.def)             Requested size: 142.26378pt x 43.70212pt.
LaTeX Font Info:    External font `cmex10' loaded for size
(Font)              <14.4> on input line 57.
LaTeX Font Info:    External font `cmex10' loaded for size
(Font)              <7> on input line 57.
[1

{/var/lib/texmf/fonts/map/pdftex/updmap/pdftex.map}{/usr/share/texmf-dist/fonts
/enc/dvips/cm-super/cm-super-t1.enc} <./AFIN-Barcelona.png>]
(./HistorialAFIN.toc
LaTeX Font Info:    External font `cmex10' loaded for size
(Font)              <12> on input line 6.
LaTeX Font Info:    External font `cmex10' loaded for size
(Font)              <8> on input line 6.
LaTeX Font Info:    External font `cmex10' loaded for size
(Font)              <6> on input line 6.
)
\tf@toc=\write4
\openout4 = `HistorialAFIN.toc'.


pdfTeX warning (ext4): destination with the same identifier (name{page.1}) has 
been already used, duplicate ignored
<to be read again> 
                   \relax 
l.74 	\chapter
              {Presentation} [1

]
Section 1.

Underfull \hbox (badness 10000) in paragraph at lines 76--78

 []

[2

]
Section 2.
[3

{/usr/share/texmf-dist/fonts/enc/dvips/cm-super/cm-super-ts1.enc}]
Section 3.
[4

]
Section 4.
[5

]
Section 5.
(./include/UWPY76KY.tex [6

]
Overfull \hbox (33.76335pt too wide) in paragraph at lines 16--16
[]\T1/cmr/bx/n/12 2019\T1/cmr/m/n/12 : Salvo Agoglia, Irene; San Román, Beat-ri
z. (Re) vis-i-tando a la madre (des)naturalizada.
 []

File: AFIN-Barcelona.png Graphic file (type png)
<use AFIN-Barcelona.png>
Package pdftex.def Info: AFIN-Barcelona.png  used on input line 19.
(pdftex.def)             Requested size: 56.9055pt x 17.48085pt.

Package fancyhdr Warning: \headheight is too small (12.0pt): 
(fancyhdr)                Make it at least 27.11469pt, for example:
(fancyhdr)                \setlength{\headheight}{27.11469pt}.
(fancyhdr)                You might also make \topmargin smaller to compensate:

(fancyhdr)                \addtolength{\topmargin}{-15.11469pt}.

[7]
File: AFIN-Barcelona.png Graphic file (type png)
<use AFIN-Barcelona.png>
Package pdftex.def Info: AFIN-Barcelona.png  used on input line 27.
(pdftex.def)             Requested size: 56.9055pt x 17.48085pt.


Package fancyhdr Warning: \headheight is too small (12.0pt): 
(fancyhdr)                Make it at least 27.11469pt, for example:
(fancyhdr)                \setlength{\headheight}{27.11469pt}.
(fancyhdr)                You might also make \topmargin smaller to compensate:

(fancyhdr)                \addtolength{\topmargin}{-15.11469pt}.

[8]
File: AFIN-Barcelona.png Graphic file (type png)
<use AFIN-Barcelona.png>
Package pdftex.def Info: AFIN-Barcelona.png  used on input line 36.
(pdftex.def)             Requested size: 56.9055pt x 17.48085pt.


Package fancyhdr Warning: \headheight is too small (12.0pt): 
(fancyhdr)                Make it at least 27.11469pt, for example:
(fancyhdr)                \setlength{\headheight}{27.11469pt}.
(fancyhdr)                You might also make \topmargin smaller to compensate:

(fancyhdr)                \addtolength{\topmargin}{-15.11469pt}.

[9]
Overfull \hbox (20.69704pt too wide) in paragraph at lines 43--43
\T1/cmr/m/n/12 Maestre-Gonzalez, Elena; Rascon-Hernan, Car-olina; Galbany-Estra
gues, Paola; Rodriguez-
 []


Overfull \hbox (3.71046pt too wide) in paragraph at lines 44--44
[]\T1/cmr/bx/n/12 2021\T1/cmr/m/n/12 : Galbany-Estragués, Paola; Glòria, Glo-ri
a Tort-Nasarré,; Romeu-Labayen, Maria,
 []

File: AFIN-Barcelona.png Graphic file (type png)
<use AFIN-Barcelona.png>
Package pdftex.def Info: AFIN-Barcelona.png  used on input line 45.
(pdftex.def)             Requested size: 56.9055pt x 17.48085pt.

Package fancyhdr Warning: \headheight is too small (12.0pt): 
(fancyhdr)                Make it at least 27.11469pt, for example:
(fancyhdr)                \setlength{\headheight}{27.11469pt}.
(fancyhdr)                You might also make \topmargin smaller to compensate:

(fancyhdr)                \addtolength{\topmargin}{-15.11469pt}.

[10]
Overfull \hbox (15.9885pt too wide) in paragraph at lines 51--51
[]\T1/cmr/bx/n/12 2021\T1/cmr/m/n/12 : Martinez-Morato, Ser-gio; Feijoo-Cid, Ma
ria; Galbany-Estragues, Paola; Fernandez-
 []

File: AFIN-Barcelona.png Graphic file (type png)
<use AFIN-Barcelona.png>
Package pdftex.def Info: AFIN-Barcelona.png  used on input line 52.
(pdftex.def)             Requested size: 56.9055pt x 17.48085pt.

Package fancyhdr Warning: \headheight is too small (12.0pt): 
(fancyhdr)                Make it at least 27.11469pt, for example:
(fancyhdr)                \setlength{\headheight}{27.11469pt}.
(fancyhdr)                You might also make \topmargin smaller to compensate:

(fancyhdr)                \addtolength{\topmargin}{-15.11469pt}.

[11]
Overfull \hbox (1.48183pt too wide) in paragraph at lines 58--58
\T1/cmr/m/n/12 Martí; Vázquez-Segura, Eva; Marre, Di-ana; Galbany-Estragués,, P
aola. Span-ish nurses'
 []

File: AFIN-Barcelona.png Graphic file (type png)
<use AFIN-Barcelona.png>
Package pdftex.def Info: AFIN-Barcelona.png  used on input line 59.
(pdftex.def)             Requested size: 56.9055pt x 17.48085pt.

Package fancyhdr Warning: \headheight is too small (12.0pt): 
(fancyhdr)                Make it at least 27.11469pt, for example:
(fancyhdr)                \setlength{\headheight}{27.11469pt}.
(fancyhdr)                You might also make \topmargin smaller to compensate:

(fancyhdr)                \addtolength{\topmargin}{-15.11469pt}.

[12]
File: AFIN-Barcelona.png Graphic file (type png)
<use AFIN-Barcelona.png>
Package pdftex.def Info: AFIN-Barcelona.png  used on input line 67.
(pdftex.def)             Requested size: 56.9055pt x 17.48085pt.


Package fancyhdr Warning: \headheight is too small (12.0pt): 
(fancyhdr)                Make it at least 27.11469pt, for example:
(fancyhdr)                \setlength{\headheight}{27.11469pt}.
(fancyhdr)                You might also make \topmargin smaller to compensate:

(fancyhdr)                \addtolength{\topmargin}{-15.11469pt}.

[13]
File: AFIN-Barcelona.png Graphic file (type png)
<use AFIN-Barcelona.png>
Package pdftex.def Info: AFIN-Barcelona.png  used on input line 76.
(pdftex.def)             Requested size: 56.9055pt x 17.48085pt.


Package fancyhdr Warning: \headheight is too small (12.0pt): 
(fancyhdr)                Make it at least 27.11469pt, for example:
(fancyhdr)                \setlength{\headheight}{27.11469pt}.
(fancyhdr)                You might also make \topmargin smaller to compensate:

(fancyhdr)                \addtolength{\topmargin}{-15.11469pt}.

[14]
Overfull \hbox (3.7087pt too wide) in paragraph at lines 77--77
[]\T1/cmr/bx/n/12 2022\T1/cmr/m/n/12 : Sacré, Hari P.A.; Cawayu, Atamhi; Clemen
te-Martínez, Chan-dra Kala. Adoptees
 []

File: AFIN-Barcelona.png Graphic file (type png)
<use AFIN-Barcelona.png>
Package pdftex.def Info: AFIN-Barcelona.png  used on input line 86.
(pdftex.def)             Requested size: 56.9055pt x 17.48085pt.

Package fancyhdr Warning: \headheight is too small (12.0pt): 
(fancyhdr)                Make it at least 27.11469pt, for example:
(fancyhdr)                \setlength{\headheight}{27.11469pt}.
(fancyhdr)                You might also make \topmargin smaller to compensate:

(fancyhdr)                \addtolength{\topmargin}{-15.11469pt}.

[15]
Overfull \hbox (45.44429pt too wide) in paragraph at lines 87--87
\T1/cmr/m/n/12 pro-duc-tions. \T1/cmr/m/it/12 Qual-i-ta-tive Re-search in Psy-c
hol-ogy\T1/cmr/m/n/12 , 20(4), 1-14. \T1/cmr/bx/n/12 In-dex: www.tandfonline.co
m. 
 []

File: AFIN-Barcelona.png Graphic file (type png)
<use AFIN-Barcelona.png>
Package pdftex.def Info: AFIN-Barcelona.png  used on input line 96.
(pdftex.def)             Requested size: 56.9055pt x 17.48085pt.

Package fancyhdr Warning: \headheight is too small (12.0pt): 
(fancyhdr)                Make it at least 27.11469pt, for example:
(fancyhdr)                \setlength{\headheight}{27.11469pt}.
(fancyhdr)                You might also make \topmargin smaller to compensate:

(fancyhdr)                \addtolength{\topmargin}{-15.11469pt}.

[16]) (./include/442HYH2P.tex
File: AFIN-Barcelona.png Graphic file (type png)
<use AFIN-Barcelona.png>
Package pdftex.def Info: AFIN-Barcelona.png  used on input line 11.
(pdftex.def)             Requested size: 56.9055pt x 17.48085pt.


Package fancyhdr Warning: \headheight is too small (12.0pt): 
(fancyhdr)                Make it at least 27.11469pt, for example:
(fancyhdr)                \setlength{\headheight}{27.11469pt}.
(fancyhdr)                You might also make \topmargin smaller to compensate:

(fancyhdr)                \addtolength{\topmargin}{-15.11469pt}.

[17]
Overfull \hbox (11.53455pt too wide) in paragraph at lines 13--13
\T1/cmr/m/n/12 Estragués, Paola; Pu-jol, Ra-mon; Marc-Amengual, Jaume-Miquel. B
urnout y rendimiento
 []


Overfull \hbox (0.84538pt too wide) in paragraph at lines 14--14
[]\T1/cmr/bx/n/12 2022\T1/cmr/m/n/12 : Mal-gosa, Es-tel; Al-varez, Bruna; Marre
, Di-ana. Sex-u-al-i-tat i in-fàn-cia a Catalunya,
 []


Overfull \hbox (7.0219pt too wide) in paragraph at lines 14--14
\T1/cmr/m/n/12 Es-panya: sig-nifi-ca-cions gob-er-nades. \T1/cmr/m/it/12 Per-if
èria, re-vista de re-cerca i for-ma-ció en antropolo-
 []

) (./include/2QEDV4YS.tex
File: AFIN-Barcelona.png Graphic file (type png)
<use AFIN-Barcelona.png>
Package pdftex.def Info: AFIN-Barcelona.png  used on input line 5.
(pdftex.def)             Requested size: 56.9055pt x 17.48085pt.


Package fancyhdr Warning: \headheight is too small (12.0pt): 
(fancyhdr)                Make it at least 27.11469pt, for example:
(fancyhdr)                \setlength{\headheight}{27.11469pt}.
(fancyhdr)                You might also make \topmargin smaller to compensate:

(fancyhdr)                \addtolength{\topmargin}{-15.11469pt}.

[18]) (./include/YPAJSHFV.tex
Overfull \hbox (12.40546pt too wide) in paragraph at lines 6--6
[]\T1/cmr/bx/n/12 2020\T1/cmr/m/n/12 : Al-varez, Bruna. Co-Parents Who Share Fa
m-ily Work: Fem-i-nism, Co-responsibility
 []

File: AFIN-Barcelona.png Graphic file (type png)
<use AFIN-Barcelona.png>
Package pdftex.def Info: AFIN-Barcelona.png  used on input line 10.
(pdftex.def)             Requested size: 56.9055pt x 17.48085pt.

Package fancyhdr Warning: \headheight is too small (12.0pt): 
(fancyhdr)                Make it at least 27.11469pt, for example:
(fancyhdr)                \setlength{\headheight}{27.11469pt}.
(fancyhdr)                You might also make \topmargin smaller to compensate:

(fancyhdr)                \addtolength{\topmargin}{-15.11469pt}.

[19]
File: AFIN-Barcelona.png Graphic file (type png)
<use AFIN-Barcelona.png>
Package pdftex.def Info: AFIN-Barcelona.png  used on input line 18.
(pdftex.def)             Requested size: 56.9055pt x 17.48085pt.


Package fancyhdr Warning: \headheight is too small (12.0pt): 
(fancyhdr)                Make it at least 27.11469pt, for example:
(fancyhdr)                \setlength{\headheight}{27.11469pt}.
(fancyhdr)                You might also make \topmargin smaller to compensate:

(fancyhdr)                \addtolength{\topmargin}{-15.11469pt}.

[20]) (./include/R42QPUFI.tex
File: AFIN-Barcelona.png Graphic file (type png)
<use AFIN-Barcelona.png>
Package pdftex.def Info: AFIN-Barcelona.png  used on input line 4.
(pdftex.def)             Requested size: 56.9055pt x 17.48085pt.


Package fancyhdr Warning: \headheight is too small (12.0pt): 
(fancyhdr)                Make it at least 27.11469pt, for example:
(fancyhdr)                \setlength{\headheight}{27.11469pt}.
(fancyhdr)                You might also make \topmargin smaller to compensate:

(fancyhdr)                \addtolength{\topmargin}{-15.11469pt}.

[21]
File: AFIN-Barcelona.png Graphic file (type png)
<use AFIN-Barcelona.png>
Package pdftex.def Info: AFIN-Barcelona.png  used on input line 17.
(pdftex.def)             Requested size: 56.9055pt x 17.48085pt.


Package fancyhdr Warning: \headheight is too small (12.0pt): 
(fancyhdr)                Make it at least 27.11469pt, for example:
(fancyhdr)                \setlength{\headheight}{27.11469pt}.
(fancyhdr)                You might also make \topmargin smaller to compensate:

(fancyhdr)                \addtolength{\topmargin}{-15.11469pt}.

[22]
File: AFIN-Barcelona.png Graphic file (type png)
<use AFIN-Barcelona.png>
Package pdftex.def Info: AFIN-Barcelona.png  used on input line 30.
(pdftex.def)             Requested size: 56.9055pt x 17.48085pt.


Package fancyhdr Warning: \headheight is too small (12.0pt): 
(fancyhdr)                Make it at least 27.11469pt, for example:
(fancyhdr)                \setlength{\headheight}{27.11469pt}.
(fancyhdr)                You might also make \topmargin smaller to compensate:

(fancyhdr)                \addtolength{\topmargin}{-15.11469pt}.

[23]
File: AFIN-Barcelona.png Graphic file (type png)
<use AFIN-Barcelona.png>
Package pdftex.def Info: AFIN-Barcelona.png  used on input line 42.
(pdftex.def)             Requested size: 56.9055pt x 17.48085pt.


Package fancyhdr Warning: \headheight is too small (12.0pt): 
(fancyhdr)                Make it at least 27.11469pt, for example:
(fancyhdr)                \setlength{\headheight}{27.11469pt}.
(fancyhdr)                You might also make \topmargin smaller to compensate:

(fancyhdr)                \addtolength{\topmargin}{-15.11469pt}.

[24]
File: AFIN-Barcelona.png Graphic file (type png)
<use AFIN-Barcelona.png>
Package pdftex.def Info: AFIN-Barcelona.png  used on input line 55.
(pdftex.def)             Requested size: 56.9055pt x 17.48085pt.


Package fancyhdr Warning: \headheight is too small (12.0pt): 
(fancyhdr)                Make it at least 27.11469pt, for example:
(fancyhdr)                \setlength{\headheight}{27.11469pt}.
(fancyhdr)                You might also make \topmargin smaller to compensate:

(fancyhdr)                \addtolength{\topmargin}{-15.11469pt}.

[25]
File: AFIN-Barcelona.png Graphic file (type png)
<use AFIN-Barcelona.png>
Package pdftex.def Info: AFIN-Barcelona.png  used on input line 69.
(pdftex.def)             Requested size: 56.9055pt x 17.48085pt.


Package fancyhdr Warning: \headheight is too small (12.0pt): 
(fancyhdr)                Make it at least 27.11469pt, for example:
(fancyhdr)                \setlength{\headheight}{27.11469pt}.
(fancyhdr)                You might also make \topmargin smaller to compensate:

(fancyhdr)                \addtolength{\topmargin}{-15.11469pt}.

[26]
Overfull \hbox (6.79955pt too wide) in paragraph at lines 70--70
[]\T1/cmr/bx/n/12 2021\T1/cmr/m/n/12 : Roca, Ju-dit; Reguant, Mer-cedes; Tort-N
assarre, Glòria. \T1/cmr/m/it/12 Un dis-pos-i-tivo pedagógico
 []


Overfull \hbox (1.66702pt too wide) in paragraph at lines 74--74
[]\T1/cmr/bx/n/12 2021\T1/cmr/m/n/12 : Sanmiquel-Molinero, Laura; García-Santes
mases, An-drea. \T1/cmr/m/it/12 Ad-just-ing to an/other
 []

File: AFIN-Barcelona.png Graphic file (type png)
<use AFIN-Barcelona.png>
Package pdftex.def Info: AFIN-Barcelona.png  used on input line 82.
(pdftex.def)             Requested size: 56.9055pt x 17.48085pt.

Package fancyhdr Warning: \headheight is too small (12.0pt): 
(fancyhdr)                Make it at least 27.11469pt, for example:
(fancyhdr)                \setlength{\headheight}{27.11469pt}.
(fancyhdr)                You might also make \topmargin smaller to compensate:

(fancyhdr)                \addtolength{\topmargin}{-15.11469pt}.

[27]
Overfull \hbox (20.72491pt too wide) in paragraph at lines 86--86
[]\T1/cmr/bx/n/12 2022\T1/cmr/m/n/12 : Desy, Alexan-dra; Gag-giotti Marre, Sofí
a. \T1/cmr/m/it/12 El acom-pañamiento médico y antropológico
 []


Overfull \hbox (5.81418pt too wide) in paragraph at lines 88--88
[]\T1/cmr/bx/n/12 2022\T1/cmr/m/n/12 : Sanmiquel-Molinero, . \T1/cmr/m/it/12 Pr
ob-lema-tis-ing In-clu-siv-ity through Narrative-Ethnographic
 []

File: AFIN-Barcelona.png Graphic file (type png)
<use AFIN-Barcelona.png>
Package pdftex.def Info: AFIN-Barcelona.png  used on input line 94.
(pdftex.def)             Requested size: 56.9055pt x 17.48085pt.

Package fancyhdr Warning: \headheight is too small (12.0pt): 
(fancyhdr)                Make it at least 27.11469pt, for example:
(fancyhdr)                \setlength{\headheight}{27.11469pt}.
(fancyhdr)                You might also make \topmargin smaller to compensate:

(fancyhdr)                \addtolength{\topmargin}{-15.11469pt}.

[28]
File: AFIN-Barcelona.png Graphic file (type png)
<use AFIN-Barcelona.png>
Package pdftex.def Info: AFIN-Barcelona.png  used on input line 110.
(pdftex.def)             Requested size: 56.9055pt x 17.48085pt.


Package fancyhdr Warning: \headheight is too small (12.0pt): 
(fancyhdr)                Make it at least 27.11469pt, for example:
(fancyhdr)                \setlength{\headheight}{27.11469pt}.
(fancyhdr)                You might also make \topmargin smaller to compensate:

(fancyhdr)                \addtolength{\topmargin}{-15.11469pt}.

[29]
Overfull \hbox (3.56056pt too wide) in paragraph at lines 119--119
[]\T1/cmr/bx/n/12 2023\T1/cmr/m/n/12 : Sanmiquel-Molinero, Laura; Pujol-Tarrés,
 Joan; Montenegro-Martínez, Marisela.
 []

File: AFIN-Barcelona.png Graphic file (type png)
<use AFIN-Barcelona.png>
Package pdftex.def Info: AFIN-Barcelona.png  used on input line 122.
(pdftex.def)             Requested size: 56.9055pt x 17.48085pt.

Package fancyhdr Warning: \headheight is too small (12.0pt): 
(fancyhdr)                Make it at least 27.11469pt, for example:
(fancyhdr)                \setlength{\headheight}{27.11469pt}.
(fancyhdr)                You might also make \topmargin smaller to compensate:

(fancyhdr)                \addtolength{\topmargin}{-15.11469pt}.

[30]
Overfull \hbox (20.62683pt too wide) in paragraph at lines 132--132
\T1/cmr/m/n/12 CHAL-LENGES AND EX-PEC-TA-TIONS IN CHILD RE-SEARCH, , Uni-ver-si
-dad Autónoma
 []

File: AFIN-Barcelona.png Graphic file (type png)
<use AFIN-Barcelona.png>
Package pdftex.def Info: AFIN-Barcelona.png  used on input line 136.
(pdftex.def)             Requested size: 56.9055pt x 17.48085pt.

Package fancyhdr Warning: \headheight is too small (12.0pt): 
(fancyhdr)                Make it at least 27.11469pt, for example:
(fancyhdr)                \setlength{\headheight}{27.11469pt}.
(fancyhdr)                You might also make \topmargin smaller to compensate:

(fancyhdr)                \addtolength{\topmargin}{-15.11469pt}.

[31])
File: AFIN-Barcelona.png Graphic file (type png)
<use AFIN-Barcelona.png>
Package pdftex.def Info: AFIN-Barcelona.png  used on input line 178.
(pdftex.def)             Requested size: 56.9055pt x 17.48085pt.


Package fancyhdr Warning: \headheight is too small (12.0pt): 
(fancyhdr)                Make it at least 27.11469pt, for example:
(fancyhdr)                \setlength{\headheight}{27.11469pt}.
(fancyhdr)                You might also make \topmargin smaller to compensate:

(fancyhdr)                \addtolength{\topmargin}{-15.11469pt}.

[32]
Section 6.
(./include/36U9M8UA.tex [33

]) (./include/N7K6GRL2.tex
File: AFIN-Barcelona.png Graphic file (type png)
<use AFIN-Barcelona.png>
Package pdftex.def Info: AFIN-Barcelona.png  used on input line 8.
(pdftex.def)             Requested size: 56.9055pt x 17.48085pt.


Package fancyhdr Warning: \headheight is too small (12.0pt): 
(fancyhdr)                Make it at least 27.11469pt, for example:
(fancyhdr)                \setlength{\headheight}{27.11469pt}.
(fancyhdr)                You might also make \topmargin smaller to compensate:

(fancyhdr)                \addtolength{\topmargin}{-15.11469pt}.

[34]
File: AFIN-Barcelona.png Graphic file (type png)
<use AFIN-Barcelona.png>
Package pdftex.def Info: AFIN-Barcelona.png  used on input line 19.
(pdftex.def)             Requested size: 56.9055pt x 17.48085pt.


Package fancyhdr Warning: \headheight is too small (12.0pt): 
(fancyhdr)                Make it at least 27.11469pt, for example:
(fancyhdr)                \setlength{\headheight}{27.11469pt}.
(fancyhdr)                You might also make \topmargin smaller to compensate:

(fancyhdr)                \addtolength{\topmargin}{-15.11469pt}.

[35]) (./include/BRL62EC2.tex) (./include/PWH78LJ5.tex
File: AFIN-Barcelona.png Graphic file (type png)
<use AFIN-Barcelona.png>
Package pdftex.def Info: AFIN-Barcelona.png  used on input line 10.
(pdftex.def)             Requested size: 56.9055pt x 17.48085pt.


Package fancyhdr Warning: \headheight is too small (12.0pt): 
(fancyhdr)                Make it at least 27.11469pt, for example:
(fancyhdr)                \setlength{\headheight}{27.11469pt}.
(fancyhdr)                You might also make \topmargin smaller to compensate:

(fancyhdr)                \addtolength{\topmargin}{-15.11469pt}.

[36])
File: AFIN-Barcelona.png Graphic file (type png)
<use AFIN-Barcelona.png>
Package pdftex.def Info: AFIN-Barcelona.png  used on input line 189.
(pdftex.def)             Requested size: 56.9055pt x 17.48085pt.


Package fancyhdr Warning: \headheight is too small (12.0pt): 
(fancyhdr)                Make it at least 27.11469pt, for example:
(fancyhdr)                \setlength{\headheight}{27.11469pt}.
(fancyhdr)                You might also make \topmargin smaller to compensate:

(fancyhdr)                \addtolength{\topmargin}{-15.11469pt}.

[37]
Section 7.
(./include/IARNE42E.tex [38

]) (./include/FYCMV3HK.tex) (./include/Q5E6D3QA.tex)
File: AFIN-Barcelona.png Graphic file (type png)
<use AFIN-Barcelona.png>
Package pdftex.def Info: AFIN-Barcelona.png  used on input line 198.
(pdftex.def)             Requested size: 56.9055pt x 17.48085pt.

Package fancyhdr Warning: \headheight is too small (12.0pt): 
(fancyhdr)                Make it at least 27.11469pt, for example:
(fancyhdr)                \setlength{\headheight}{27.11469pt}.
(fancyhdr)                You might also make \topmargin smaller to compensate:

(fancyhdr)                \addtolength{\topmargin}{-15.11469pt}.

[39]
Section 8.
(./include/H9FYFWQY.tex
Overfull \hbox (10.20811pt too wide) in paragraph at lines 7--7
\T1/cmr/m/it/12 dos^^Q: en-tre el hu-man-i-tarismo y las nuevas in-fraestruc-tu
ras para la lib-er-tad de movimiento\T1/cmr/m/n/12 .
 []

) (./include/YUGQZ453.tex [40

]) (./include/PJNPKBEK.tex
File: AFIN-Barcelona.png Graphic file (type png)
<use AFIN-Barcelona.png>
Package pdftex.def Info: AFIN-Barcelona.png  used on input line 5.
(pdftex.def)             Requested size: 56.9055pt x 17.48085pt.


Package fancyhdr Warning: \headheight is too small (12.0pt): 
(fancyhdr)                Make it at least 27.11469pt, for example:
(fancyhdr)                \setlength{\headheight}{27.11469pt}.
(fancyhdr)                You might also make \topmargin smaller to compensate:

(fancyhdr)                \addtolength{\topmargin}{-15.11469pt}.

[41]
File: AFIN-Barcelona.png Graphic file (type png)
<use AFIN-Barcelona.png>
Package pdftex.def Info: AFIN-Barcelona.png  used on input line 19.
(pdftex.def)             Requested size: 56.9055pt x 17.48085pt.


Package fancyhdr Warning: \headheight is too small (12.0pt): 
(fancyhdr)                Make it at least 27.11469pt, for example:
(fancyhdr)                \setlength{\headheight}{27.11469pt}.
(fancyhdr)                You might also make \topmargin smaller to compensate:

(fancyhdr)                \addtolength{\topmargin}{-15.11469pt}.

[42]) (./include/3HN4HS2I.tex) (./include/TZFYNY2Y.tex)
File: AFIN-Barcelona.png Graphic file (type png)
<use AFIN-Barcelona.png>
Package pdftex.def Info: AFIN-Barcelona.png  used on input line 211.
(pdftex.def)             Requested size: 56.9055pt x 17.48085pt.


Package fancyhdr Warning: \headheight is too small (12.0pt): 
(fancyhdr)                Make it at least 27.11469pt, for example:
(fancyhdr)                \setlength{\headheight}{27.11469pt}.
(fancyhdr)                You might also make \topmargin smaller to compensate:

(fancyhdr)                \addtolength{\topmargin}{-15.11469pt}.

[43]
Section 9.
(./include/BW926N6F.tex
LaTeX Font Info:    External font `cmex10' loaded for size
(Font)              <5> on input line 3.

Overfull \hbox (4.93741pt too wide) in paragraph at lines 13--13
[]\T1/cmr/bx/n/12 2020\T1/cmr/m/n/12 . Grupo de In-ves-ti-gación "Frac-tal-i-da
des en In-ves-ti-gación Crítica" (FIC), . \T1/cmr/m/it/12 COVID-
 []

[44

]
File: AFIN-Barcelona.png Graphic file (type png)
<use AFIN-Barcelona.png>
Package pdftex.def Info: AFIN-Barcelona.png  used on input line 26.
(pdftex.def)             Requested size: 56.9055pt x 17.48085pt.


Package fancyhdr Warning: \headheight is too small (12.0pt): 
(fancyhdr)                Make it at least 27.11469pt, for example:
(fancyhdr)                \setlength{\headheight}{27.11469pt}.
(fancyhdr)                You might also make \topmargin smaller to compensate:

(fancyhdr)                \addtolength{\topmargin}{-15.11469pt}.

[45]
File: AFIN-Barcelona.png Graphic file (type png)
<use AFIN-Barcelona.png>
Package pdftex.def Info: AFIN-Barcelona.png  used on input line 39.
(pdftex.def)             Requested size: 56.9055pt x 17.48085pt.


Package fancyhdr Warning: \headheight is too small (12.0pt): 
(fancyhdr)                Make it at least 27.11469pt, for example:
(fancyhdr)                \setlength{\headheight}{27.11469pt}.
(fancyhdr)                You might also make \topmargin smaller to compensate:

(fancyhdr)                \addtolength{\topmargin}{-15.11469pt}.

[46]) (./include/364GBY9U.tex) (./include/QR2SVS4L.tex
File: AFIN-Barcelona.png Graphic file (type png)
<use AFIN-Barcelona.png>
Package pdftex.def Info: AFIN-Barcelona.png  used on input line 10.
(pdftex.def)             Requested size: 56.9055pt x 17.48085pt.


Package fancyhdr Warning: \headheight is too small (12.0pt): 
(fancyhdr)                Make it at least 27.11469pt, for example:
(fancyhdr)                \setlength{\headheight}{27.11469pt}.
(fancyhdr)                You might also make \topmargin smaller to compensate:

(fancyhdr)                \addtolength{\topmargin}{-15.11469pt}.

[47]) (./include/H4IXXNVT.tex) (./include/P5RR9R5K.tex
Overfull \hbox (3.67114pt too wide) in paragraph at lines 3--3
[]\T1/cmr/bx/n/12 2020\T1/cmr/m/n/12 . García-Santesmases, An-drea; Sanmiquel-M
olinero, Laura; Prous-Climent, Elena.
 []


Overfull \hbox (13.10019pt too wide) in paragraph at lines 3--3
[][][]$\T1/cmr/m/n/10 https : / / www . elsaltodiario . com / opinion / diversi
dad -[] funcional -[] si -[] no -[] merecemos -[] vivir -[] ahora -[] como -[] 
vamos -[]
 []


Overfull \hbox (3.67114pt too wide) in paragraph at lines 5--5
[]\T1/cmr/bx/n/12 2023\T1/cmr/m/n/12 . Sanmiquel-Molinero, Laura; García-Santes
mases, An-drea; Prous-Climent, Elena.
 []

) (./include/ARXRRBMK.tex)
File: AFIN-Barcelona.png Graphic file (type png)
<use AFIN-Barcelona.png>
Package pdftex.def Info: AFIN-Barcelona.png  used on input line 226.
(pdftex.def)             Requested size: 56.9055pt x 17.48085pt.


Package fancyhdr Warning: \headheight is too small (12.0pt): 
(fancyhdr)                Make it at least 27.11469pt, for example:
(fancyhdr)                \setlength{\headheight}{27.11469pt}.
(fancyhdr)                You might also make \topmargin smaller to compensate:

(fancyhdr)                \addtolength{\topmargin}{-15.11469pt}.

[48] (./HistorialAFIN.aux)
 ***********
LaTeX2e <2023-11-01> patch level 1
L3 programming layer <2024-01-22>
 ***********
Package rerunfilecheck Info: File `HistorialAFIN.out' has not changed.
(rerunfilecheck)             Checksum: 321684C8325772673EE4B7E7EBC6FA6D;5327.
 ) 
Here is how much of TeX's memory you used:
 10653 strings out of 476079
 158991 string characters out of 5793511
 1941975 words of memory out of 5000000
 31967 multiletter control sequences out of 15000+600000
 570017 words of font info for 60 fonts, out of 8000000 for 9000
 62 hyphenation exceptions out of 8191
 75i,16n,79p,1011b,539s stack positions out of 5000i,500n,10000p,200000b,80000s
</usr/share/texmf-dist/fonts/type1/public/cm-super/sfbx1200.pfb></usr/share/t
exmf-dist/fonts/type1/public/cm-super/sfbx1440.pfb></usr/share/texmf-dist/fonts
/type1/public/cm-super/sfbx1728.pfb></usr/share/texmf-dist/fonts/type1/public/c
m-super/sfbx2488.pfb></usr/share/texmf-dist/fonts/type1/public/cm-super/sfrm100
0.pfb></usr/share/texmf-dist/fonts/type1/public/cm-super/sfrm1200.pfb></usr/sha
re/texmf-dist/fonts/type1/public/cm-super/sfrm1440.pfb></usr/share/texmf-dist/f
onts/type1/public/cm-super/sfti1200.pfb>
Output written on HistorialAFIN.pdf (49 pages, 378396 bytes).
PDF statistics:
 1036 PDF objects out of 1200 (max. 8388607)
 955 compressed objects within 10 object streams
 522 named destinations out of 1000 (max. 500000)
 262 words of extra memory for PDF output out of 10000 (max. 10000000)

